2019-10-14 18:22:04 INFO  TestAnnexeA4:25 - ___________________________________________________
2019-10-14 18:22:04 INFO  TestAnnexeA4:27 - Impot = 18000.0 €
2019-10-14 18:22:04 ERROR TestAnnexeA4:31 - Division impossible de l'impot sur le revenu
java.lang.ArithmeticException: / by zero
	at fr.htc.impot.mains.TestAnnexeA4.main(TestAnnexeA4.java:29)
2019-10-14 18:22:04 INFO  TestAnnexeA4:25 - ___________________________________________________
2019-10-14 18:22:04 INFO  TestAnnexeA4:27 - Impot = 1500.0 €
2019-10-14 18:22:04 ERROR TestAnnexeA4:31 - Division impossible de l'impot sur le revenu
java.lang.ArithmeticException: / by zero
	at fr.htc.impot.mains.TestAnnexeA4.main(TestAnnexeA4.java:29)
2019-10-14 18:22:04 INFO  TestAnnexeA4:25 - ___________________________________________________
2019-10-14 18:22:04 INFO  TestAnnexeA4:27 - Impot = 700.0 €
2019-10-14 18:22:04 ERROR TestAnnexeA4:31 - Division impossible de l'impot sur le revenu
java.lang.ArithmeticException: / by zero
	at fr.htc.impot.mains.TestAnnexeA4.main(TestAnnexeA4.java:29)
2019-10-14 18:22:04 INFO  TestAnnexeA4:25 - ___________________________________________________
2019-10-14 18:22:04 INFO  TestAnnexeA4:27 - Impot = 11400.0 €
2019-10-14 18:22:04 ERROR TestAnnexeA4:31 - Division impossible de l'impot sur le revenu
java.lang.ArithmeticException: / by zero
	at fr.htc.impot.mains.TestAnnexeA4.main(TestAnnexeA4.java:29)
2019-10-14 18:22:04 INFO  TestAnnexeA4:25 - ___________________________________________________
2019-10-14 18:22:04 INFO  TestAnnexeA4:27 - Impot = 1360.0 €
2019-10-14 18:22:04 ERROR TestAnnexeA4:31 - Division impossible de l'impot sur le revenu
java.lang.ArithmeticException: / by zero
	at fr.htc.impot.mains.TestAnnexeA4.main(TestAnnexeA4.java:29)
2019-10-14 18:22:23 INFO  TestAnnexeA4:25 - ___________________________________________________
2019-10-14 18:22:23 INFO  TestAnnexeA4:27 - Impot = 18000.0 €
2019-10-14 18:22:23 ERROR TestAnnexeA4:31 - Division impossible de l'impot sur le revenu
java.lang.ArithmeticException: / by zero
	at fr.htc.impot.mains.TestAnnexeA4.main(TestAnnexeA4.java:29)
2019-10-14 18:22:23 INFO  TestAnnexeA4:25 - ___________________________________________________
2019-10-14 18:22:23 INFO  TestAnnexeA4:27 - Impot = 1500.0 €
2019-10-14 18:22:23 ERROR TestAnnexeA4:31 - Division impossible de l'impot sur le revenu
java.lang.ArithmeticException: / by zero
	at fr.htc.impot.mains.TestAnnexeA4.main(TestAnnexeA4.java:29)
2019-10-14 18:22:23 INFO  TestAnnexeA4:25 - ___________________________________________________
2019-10-14 18:22:23 INFO  TestAnnexeA4:27 - Impot = 700.0 €
2019-10-14 18:22:23 ERROR TestAnnexeA4:31 - Division impossible de l'impot sur le revenu
java.lang.ArithmeticException: / by zero
	at fr.htc.impot.mains.TestAnnexeA4.main(TestAnnexeA4.java:29)
2019-10-14 18:22:23 INFO  TestAnnexeA4:25 - ___________________________________________________
2019-10-14 18:22:23 INFO  TestAnnexeA4:27 - Impot = 11400.0 €
2019-10-14 18:22:23 ERROR TestAnnexeA4:31 - Division impossible de l'impot sur le revenu
java.lang.ArithmeticException: / by zero
	at fr.htc.impot.mains.TestAnnexeA4.main(TestAnnexeA4.java:29)
2019-10-14 18:22:23 INFO  TestAnnexeA4:25 - ___________________________________________________
2019-10-14 18:22:23 INFO  TestAnnexeA4:27 - Impot = 1360.0 €
2019-10-14 18:22:23 ERROR TestAnnexeA4:31 - Division impossible de l'impot sur le revenu
java.lang.ArithmeticException: / by zero
	at fr.htc.impot.mains.TestAnnexeA4.main(TestAnnexeA4.java:29)
2019-10-14 18:22:38 ERROR TestAnnexeA4:31 - Division impossible de l'impot sur le revenu
java.lang.ArithmeticException: / by zero
	at fr.htc.impot.mains.TestAnnexeA4.main(TestAnnexeA4.java:29)
2019-10-14 18:22:38 ERROR TestAnnexeA4:31 - Division impossible de l'impot sur le revenu
java.lang.ArithmeticException: / by zero
	at fr.htc.impot.mains.TestAnnexeA4.main(TestAnnexeA4.java:29)
2019-10-14 18:22:38 ERROR TestAnnexeA4:31 - Division impossible de l'impot sur le revenu
java.lang.ArithmeticException: / by zero
	at fr.htc.impot.mains.TestAnnexeA4.main(TestAnnexeA4.java:29)
2019-10-14 18:22:38 ERROR TestAnnexeA4:31 - Division impossible de l'impot sur le revenu
java.lang.ArithmeticException: / by zero
	at fr.htc.impot.mains.TestAnnexeA4.main(TestAnnexeA4.java:29)
2019-10-14 18:22:38 ERROR TestAnnexeA4:31 - Division impossible de l'impot sur le revenu
java.lang.ArithmeticException: / by zero
	at fr.htc.impot.mains.TestAnnexeA4.main(TestAnnexeA4.java:29)
2019-10-14 18:22:58 ERROR TestAnnexeA4:31 - Division impossible de l'impot sur le revenu
java.lang.ArithmeticException: / by zero
	at fr.htc.impot.mains.TestAnnexeA4.main(TestAnnexeA4.java:29)
2019-10-14 18:22:58 ERROR TestAnnexeA4:31 - Division impossible de l'impot sur le revenu
java.lang.ArithmeticException: / by zero
	at fr.htc.impot.mains.TestAnnexeA4.main(TestAnnexeA4.java:29)
2019-10-14 18:22:58 ERROR TestAnnexeA4:31 - Division impossible de l'impot sur le revenu
java.lang.ArithmeticException: / by zero
	at fr.htc.impot.mains.TestAnnexeA4.main(TestAnnexeA4.java:29)
2019-10-14 18:22:58 ERROR TestAnnexeA4:31 - Division impossible de l'impot sur le revenu
java.lang.ArithmeticException: / by zero
	at fr.htc.impot.mains.TestAnnexeA4.main(TestAnnexeA4.java:29)
2019-10-14 18:22:58 ERROR TestAnnexeA4:31 - Division impossible de l'impot sur le revenu
java.lang.ArithmeticException: / by zero
	at fr.htc.impot.mains.TestAnnexeA4.main(TestAnnexeA4.java:29)
